<?xml version="1.0" encoding="UTF-8"?>
<!-- Generated by org.testng.reporters.JUnitReportReporter -->
<testsuite hostname="Kirti" failures="0" tests="3" name="TestRunner.CucumberTestRunner" time="31.228" errors="0" timestamp="2024-01-16T16:17:51 IST" skipped="0">
  <testcase classname="TestRunner.CucumberTestRunner" name="runScenario" time="10.268"/>
  <testcase classname="TestRunner.CucumberTestRunner" name="runScenario" time="8.218"/>
  <testcase classname="TestRunner.CucumberTestRunner" name="runScenario" time="12.742"/>
</testsuite> <!-- TestRunner.CucumberTestRunner -->
